<?xml version="1.0" encoding="UTF-8"?>
<testng-results ignored="0" total="1" passed="1" failed="0" skipped="0">
  <reporter-output>
  </reporter-output>
  <suite started-at="2024-08-12T13:00:17 IST" name="Suite" finished-at="2024-08-12T13:00:38 IST" duration-ms="21063">
    <groups>
      <group name="Sanity">
        <method signature="LoginPageTest.loginTest(java.lang.String,java.lang.String)[pri:0, instance:com.mystore.testcases.LoginPageTest@1fa121e2]" name="loginTest" class="com.mystore.testcases.LoginPageTest"/>
      </group> <!-- Sanity -->
      <group name="Smoke">
        <method signature="LoginPageTest.loginTest(java.lang.String,java.lang.String)[pri:0, instance:com.mystore.testcases.LoginPageTest@1fa121e2]" name="loginTest" class="com.mystore.testcases.LoginPageTest"/>
      </group> <!-- Smoke -->
    </groups>
    <test started-at="2024-08-12T13:00:17 IST" name="Test_All" finished-at="2024-08-12T13:00:38 IST" duration-ms="21063">
      <class name="com.mystore.testcases.LoginPageTest">
        <test-method is-config="true" signature="loadConfig()[pri:0, instance:com.mystore.testcases.LoginPageTest@1fa121e2]" started-at="2024-08-12T13:00:17 IST" name="loadConfig" finished-at="2024-08-12T13:00:17 IST" duration-ms="336" status="PASS">
          <reporter-output>
          </reporter-output>
        </test-method> <!-- loadConfig -->
        <test-method is-config="true" signature="setup(java.lang.String)[pri:0, instance:com.mystore.testcases.LoginPageTest@1fa121e2]" started-at="2024-08-12T13:00:18 IST" name="setup" finished-at="2024-08-12T13:00:31 IST" duration-ms="12917" status="PASS">
          <params>
            <param index="0">
              <value>
                <![CDATA[Chrome]]>
              </value>
            </param>
          </params>
          <reporter-output>
          </reporter-output>
        </test-method> <!-- setup -->
        <test-method signature="loginTest(java.lang.String,java.lang.String)[pri:0, instance:com.mystore.testcases.LoginPageTest@1fa121e2]" started-at="2024-08-12T13:00:31 IST" name="loginTest" data-provider="credentials" finished-at="2024-08-12T13:00:37 IST" duration-ms="6740" status="PASS">
          <params>
            <param index="0">
              <value>
                <![CDATA[admin1@xyz.com]]>
              </value>
            </param>
            <param index="1">
              <value>
                <![CDATA[admin@123]]>
              </value>
            </param>
          </params>
          <reporter-output>
          </reporter-output>
        </test-method> <!-- loginTest -->
        <test-method is-config="true" signature="tearDown()[pri:0, instance:com.mystore.testcases.LoginPageTest@1fa121e2]" started-at="2024-08-12T13:00:37 IST" name="tearDown" finished-at="2024-08-12T13:00:38 IST" duration-ms="494" status="PASS">
          <reporter-output>
          </reporter-output>
        </test-method> <!-- tearDown -->
        <test-method is-config="true" signature="afterSuite()[pri:0, instance:com.mystore.testcases.LoginPageTest@1fa121e2]" started-at="2024-08-12T13:00:38 IST" name="afterSuite" finished-at="2024-08-12T13:00:39 IST" duration-ms="635" status="PASS">
          <reporter-output>
          </reporter-output>
        </test-method> <!-- afterSuite -->
      </class> <!-- com.mystore.testcases.LoginPageTest -->
    </test> <!-- Test_All -->
  </suite> <!-- Suite -->
</testng-results>
